<?xml version="1.0" encoding="UTF-8"?>
<!-- Generated by org.testng.reporters.JUnitReportReporter -->
<testsuite skipped="0" hostname="Saifuls-MBP.home" name="com.maternity.test.BaseTest" tests="1" failures="0" timestamp="09 Apr 2021 04:16:45 GMT" time="7.094" errors="0">
  <testcase name="openBrowser" time="7.094" classname="com.maternity.test.BaseTest"/>
</testsuite> <!-- com.maternity.test.BaseTest -->
